[info] Log at : 2026/6/2|15:21:55|GMT+0800

[info] Log at : 2026/6/2|15:21:59|GMT+0800

[info] Log at : 2026/6/2|17:22:33|GMT+0800

[SyntaxError: Unexpected token '/', ..."          //"D:\\kei"... is not valid JSON
	at JSON.parse (<anonymous>)
	at F.updateCppProperties (c:\Users\admin\.vscode\extensions\cl.keil-assistant-1.7.0\dist\extension.js:1:10849)
	at F.<anonymous> (c:\Users\admin\.vscode\extensions\cl.keil-assistant-1.7.0\dist\extension.js:1:12579)
	at Generator.next (<anonymous>)
	at c:\Users\admin\.vscode\extensions\cl.keil-assistant-1.7.0\dist\extension.js:1:4480
	at new Promise (<anonymous>)
	at r (c:\Users\admin\.vscode\extensions\cl.keil-assistant-1.7.0\dist\extension.js:1:4225)
	at F.load (c:\Users\admin\.vscode\extensions\cl.keil-assistant-1.7.0\dist\extension.js:1:11310)
	at w.<anonymous> (c:\Users\admin\.vscode\extensions\cl.keil-assistant-1.7.0\dist\extension.js:1:8737)
	at Generator.next (<anonymous>)
	at a (c:\Users\admin\.vscode\extensions\cl.keil-assistant-1.7.0\dist\extension.js:1:4282)]
[info] Log at : 2026/6/2|17:22:36|GMT+0800

[info] Log at : 2026/6/3|14:30:15|GMT+0800

[info] Log at : 2026/6/3|14:30:19|GMT+0800

[info] Log at : 2026/6/3|16:38:40|GMT+0800

[info] Log at : 2026/6/4|13:40:32|GMT+0800

[info] Log at : 2026/6/4|13:40:36|GMT+0800

[info] Log at : 2026/6/4|17:03:45|GMT+0800

[info] Log at : 2026/6/5|08:51:29|GMT+0800

[info] Log at : 2026/6/5|11:14:00|GMT+0800

[info] Log at : 2026/6/5|11:14:04|GMT+0800

[info] Log at : 2026/6/8|08:40:32|GMT+0800

[info] Log at : 2026/6/8|08:40:37|GMT+0800

[info] Log at : 2026/6/8|10:59:55|GMT+0800

[info] Log at : 2026/6/12|13:52:26|GMT+0800

[info] project closed: StepMotor
[info] Log at : 2026/6/24|10:02:33|GMT+0800

[info] Log at : 2026/6/24|10:02:36|GMT+0800

[info] Log at : 2026/6/24|10:14:46|GMT+0800

[info] Log at : 2026/6/24|10:14:49|GMT+0800

[info] Log at : 2026/6/24|10:14:59|GMT+0800

[info] Log at : 2026/6/25|08:41:53|GMT+0800

[info] Log at : 2026/6/26|08:39:38|GMT+0800

[info] project closed: StepMotor
[info] Log at : 2026/6/30|08:37:52|GMT+0800

[info] Log at : 2026/6/30|08:47:41|GMT+0800

[info] project closed: StepMotor
[info] Log at : 2026/7/1|17:34:39|GMT+0800

[info] Log at : 2026/7/1|17:34:42|GMT+0800

[info] Log at : 2026/7/2|08:41:35|GMT+0800

[info] project closed: StepMotor
