*** Using Compiler 'V5.06 update 7 (build 960)', folder: 'D:\keil5\ARM\ARM_Compiler_5.06u7\Bin'
Build target 'StepMotor'
compiling main.c...
compiling elaco_calibration.c...
compiling elaco_main.c...
compiling ela_mt6816.c...
compiling ela_eeprom.c...
compiling ela_motor.c...
..\ELA_LIB\ela_motor.c(80): warning:  #940-D: missing return statement at end of non-void function "Position_PID_Control" 
  }
..\ELA_LIB\ela_motor.c: 1 warning, 0 errors
compiling ela_cyclecal.c...
compiling ela_tb67h450.c...
compiling stm32f1xx_it.c...
compiling ela_stockfile.c...
compiling ela_button.c...
..\ELA_LIB\ela_button.c(134): warning:  #940-D: missing return statement at end of non-void function "Button_IsPressed" 
  }
..\ELA_LIB\ela_button.c: 1 warning, 0 errors
compiling ela_uart.c...
linking...
StepMotor\StepMotor.axf: Error: L6200E: Symbol position_pid_st multiply defined (by stm32f1xx_it.o and main.o).
StepMotor\StepMotor.axf: Error: L6200E: Symbol position_pid_st multiply defined (by elaco_main.o and main.o).
StepMotor\StepMotor.axf: Error: L6200E: Symbol position_pid_st multiply defined (by elaco_calibration.o and main.o).
StepMotor\StepMotor.axf: Error: L6200E: Symbol position_pid_st multiply defined (by ela_uart.o and main.o).
StepMotor\StepMotor.axf: Error: L6200E: Symbol position_pid_st multiply defined (by ela_button.o and main.o).
StepMotor\StepMotor.axf: Error: L6200E: Symbol position_pid_st multiply defined (by ela_mt6816.o and main.o).
StepMotor\StepMotor.axf: Error: L6200E: Symbol position_pid_st multiply defined (by ela_eeprom.o and main.o).
StepMotor\StepMotor.axf: Error: L6200E: Symbol position_pid_st multiply defined (by ela_stockfile.o and main.o).
StepMotor\StepMotor.axf: Error: L6200E: Symbol position_pid_st multiply defined (by ela_motor.o and main.o).
StepMotor\StepMotor.axf: Error: L6200E: Symbol position_pid_st multiply defined (by ela_tb67h450.o and main.o).
StepMotor\StepMotor.axf: Error: L6200E: Symbol position_pid_st multiply defined (by ela_cyclecal.o and main.o).
Not enough information to list image symbols.
Not enough information to list load addresses in the image map.
Finished: 2 information, 0 warning and 11 error messages.
"StepMotor\StepMotor.axf" - 11 Error(s), 2 Warning(s).
Target not created.
Build Time Elapsed:  00:00:01
